[2020-11-05T11:14:50.730042+00:00] info_logger.INFO: info message [] []
[2020-11-05T11:14:54.921957+00:00] info_logger.INFO: info message [] []
[2020-11-05T11:17:25.115839+00:00] info_logger.INFO:  [] []
[2020-11-05T11:17:33.233298+00:00] info_logger.INFO: testing new message [] []
[2020-11-05T11:28:19.721020+00:00] info_logger.INFO: testing [] []
[2020-11-05T11:28:32.391039+00:00] info_logger.INFO: 3rd button [] []
[2020-11-05T11:28:41.708631+00:00] info_logger.INFO: yellow warning [] []
[2020-11-05T11:30:17.328757+00:00] info_logger.INFO:  [] []
[2020-11-05T11:30:18.978467+00:00] info_logger.INFO:  [] []
[2020-11-05T11:30:24.626923+00:00] info_logger.INFO: testing yelow [] []
[2020-11-05T12:57:55.056361+00:00] info_logger.INFO:  [] []
[2020-11-05T12:58:06.646427+00:00] info_logger.INFO:  [] []
[2020-11-05T12:58:09.550178+00:00] info_logger.INFO: faz [] []
[2020-11-05T12:58:12.438473+00:00] info_logger.INFO: zfzf [] []
[2020-11-05T12:58:14.809046+00:00] info_logger.INFO: fzefeef [] []
[2020-11-05T12:58:30.894375+00:00] info_logger.INFO: thisismessage [] []
[2020-11-05T13:19:57.263524+00:00] logs.INFO: test warning [] []
[2020-11-05T13:20:21.949596+00:00] logs.WARNING: warning [] []
[2020-11-05T13:22:22.570605+00:00] logs.WARNING: warning [] []
[2020-11-05T13:22:32.743547+00:00] logs.INFO: info [] []
[2020-11-05T13:22:41.343235+00:00] logs.INFO: console [] []
[2020-11-05T13:23:51.953603+00:00] logs.CRITICAL: testerror [] []
[2020-11-05T13:33:57.385234+00:00] logs.DEBUG: testingdebug [] []
[2020-11-05T13:34:05.603927+00:00] logs.DEBUG: testingdebug [] []
[2020-11-05T13:46:54.116625+00:00] logs.INFO: consoletest [] []
